{"/home/pedro/www/goal/backend/src/env.ts": {"path":"/home/pedro/www/goal/backend/src/env.ts","statementMap":{"0":{"start":{"line":1,"column":0},"end":{"line":1,"column":32}},"1":{"start":{"line":3,"column":0},"end":{"line":3,"column":null}},"2":{"start":{"line":7,"column":4},"end":{"line":19,"column":null}},"3":{"start":{"line":23,"column":13},"end":{"line":23,"column":null}}},"fnMap":{"0":{"name":"(anonymous_9)","decl":{"start":{"line":6,"column":2},"end":{"line":6,"column":8}},"loc":{"start":{"line":6,"column":15},"end":{"line":20,"column":3}}}},"branchMap":{"0":{"loc":{"start":{"line":9,"column":14},"end":{"line":9,"column":45}},"type":"cond-expr","locations":[{"start":{"line":9,"column":38},"end":{"line":9,"column":42}},{"start":{"line":9,"column":42},"end":{"line":9,"column":45}}]},"1":{"loc":{"start":{"line":9,"column":14},"end":{"line":9,"column":42}},"type":"binary-expr","locations":[{"start":{"line":9,"column":14},"end":{"line":9,"column":42}},{"start":{"line":9,"column":38},"end":{"line":9,"column":42}}]},"2":{"loc":{"start":{"line":13,"column":14},"end":{"line":13,"column":48}},"type":"cond-expr","locations":[{"start":{"line":13,"column":33},"end":{"line":13,"column":37}},{"start":{"line":13,"column":37},"end":{"line":13,"column":48}}]},"3":{"loc":{"start":{"line":13,"column":14},"end":{"line":13,"column":37}},"type":"binary-expr","locations":[{"start":{"line":13,"column":14},"end":{"line":13,"column":37}},{"start":{"line":13,"column":33},"end":{"line":13,"column":37}}]},"4":{"loc":{"start":{"line":14,"column":14},"end":{"line":14,"column":43}},"type":"cond-expr","locations":[{"start":{"line":14,"column":33},"end":{"line":14,"column":37}},{"start":{"line":14,"column":37},"end":{"line":14,"column":43}}]},"5":{"loc":{"start":{"line":14,"column":14},"end":{"line":14,"column":37}},"type":"binary-expr","locations":[{"start":{"line":14,"column":14},"end":{"line":14,"column":37}},{"start":{"line":14,"column":33},"end":{"line":14,"column":37}}]},"6":{"loc":{"start":{"line":15,"column":18},"end":{"line":15,"column":52}},"type":"cond-expr","locations":[{"start":{"line":15,"column":41},"end":{"line":15,"column":45}},{"start":{"line":15,"column":45},"end":{"line":15,"column":52}}]},"7":{"loc":{"start":{"line":15,"column":18},"end":{"line":15,"column":45}},"type":"binary-expr","locations":[{"start":{"line":15,"column":18},"end":{"line":15,"column":45}},{"start":{"line":15,"column":41},"end":{"line":15,"column":45}}]},"8":{"loc":{"start":{"line":16,"column":14},"end":{"line":16,"column":44}},"type":"cond-expr","locations":[{"start":{"line":16,"column":33},"end":{"line":16,"column":37}},{"start":{"line":16,"column":37},"end":{"line":16,"column":44}}]},"9":{"loc":{"start":{"line":16,"column":14},"end":{"line":16,"column":37}},"type":"binary-expr","locations":[{"start":{"line":16,"column":14},"end":{"line":16,"column":37}},{"start":{"line":16,"column":33},"end":{"line":16,"column":37}}]},"10":{"loc":{"start":{"line":17,"column":14},"end":{"line":17,"column":49}},"type":"cond-expr","locations":[{"start":{"line":17,"column":41},"end":{"line":17,"column":45}},{"start":{"line":17,"column":45},"end":{"line":17,"column":49}}]},"11":{"loc":{"start":{"line":17,"column":14},"end":{"line":17,"column":45}},"type":"binary-expr","locations":[{"start":{"line":17,"column":14},"end":{"line":17,"column":45}},{"start":{"line":17,"column":41},"end":{"line":17,"column":45}}]}},"s":{"0":1,"1":1,"2":1,"3":1},"f":{"0":1},"b":{"0":[1,0],"1":[1,1],"2":[1,0],"3":[1,1],"4":[1,0],"5":[1,1],"6":[1,0],"7":[1,1],"8":[1,0],"9":[1,1],"10":[1,0],"11":[1,1]}}
,"/home/pedro/www/goal/backend/src/infra/di/registry.ts": {"path":"/home/pedro/www/goal/backend/src/infra/di/registry.ts","statementMap":{"0":{"start":{"line":1,"column":0},"end":{"line":1,"column":31}},"1":{"start":{"line":5,"column":10},"end":{"line":5,"column":null}},"2":{"start":{"line":10,"column":4},"end":{"line":12,"column":5}},"3":{"start":{"line":11,"column":6},"end":{"line":11,"column":null}},"4":{"start":{"line":14,"column":4},"end":{"line":14,"column":null}},"5":{"start":{"line":18,"column":4},"end":{"line":18,"column":null}},"6":{"start":{"line":20,"column":4},"end":{"line":20,"column":null}},"7":{"start":{"line":24,"column":28},"end":{"line":24,"column":50}},"8":{"start":{"line":26,"column":4},"end":{"line":26,"column":null}},"9":{"start":{"line":26,"column":21},"end":{"line":26,"column":null}},"10":{"start":{"line":28,"column":4},"end":{"line":28,"column":null}},"11":{"start":{"line":32,"column":4},"end":{"line":34,"column":5}},"12":{"start":{"line":33,"column":6},"end":{"line":33,"column":null}},"13":{"start":{"line":36,"column":4},"end":{"line":36,"column":null}},"14":{"start":{"line":3,"column":0},"end":{"line":3,"column":13}}},"fnMap":{"0":{"name":"(anonymous_0)","decl":{"start":{"line":7,"column":2},"end":{"line":7,"column":25}},"loc":{"start":{"line":7,"column":2},"end":{"line":7,"column":26}}},"1":{"name":"(anonymous_1)","decl":{"start":{"line":9,"column":2},"end":{"line":9,"column":8}},"loc":{"start":{"line":9,"column":20},"end":{"line":15,"column":3}}},"2":{"name":"(anonymous_2)","decl":{"start":{"line":17,"column":2},"end":{"line":17,"column":10}},"loc":{"start":{"line":17,"column":32},"end":{"line":21,"column":3}}},"3":{"name":"(anonymous_3)","decl":{"start":{"line":23,"column":2},"end":{"line":23,"column":8}},"loc":{"start":{"line":23,"column":33},"end":{"line":29,"column":3}}},"4":{"name":"(anonymous_4)","decl":{"start":{"line":31,"column":2},"end":{"line":31,"column":7}},"loc":{"start":{"line":31,"column":7},"end":{"line":37,"column":3}}}},"branchMap":{"0":{"loc":{"start":{"line":10,"column":4},"end":{"line":12,"column":5}},"type":"if","locations":[{"start":{"line":10,"column":4},"end":{"line":12,"column":5}}]},"1":{"loc":{"start":{"line":26,"column":4},"end":{"line":26,"column":null}},"type":"if","locations":[{"start":{"line":26,"column":4},"end":{"line":26,"column":null}}]},"2":{"loc":{"start":{"line":32,"column":4},"end":{"line":34,"column":5}},"type":"if","locations":[{"start":{"line":32,"column":4},"end":{"line":34,"column":5}}]}},"s":{"0":1,"1":1,"2":5,"3":1,"4":5,"5":1,"6":1,"7":2,"8":2,"9":1,"10":1,"11":2,"12":1,"13":1,"14":1},"f":{"0":1,"1":5,"2":1,"3":2,"4":2},"b":{"0":[1],"1":[1],"2":[1]}}
}
