TN:
SF:src/env.ts
FN:6,(anonymous_9)
FNF:1
FNH:1
FNDA:1,(anonymous_9)
DA:1,1
DA:3,1
DA:7,1
DA:23,1
LF:4
LH:4
BRDA:9,0,0,1
BRDA:9,0,1,0
BRDA:9,1,0,1
BRDA:9,1,1,1
BRDA:13,2,0,1
BRDA:13,2,1,0
BRDA:13,3,0,1
BRDA:13,3,1,1
BRDA:14,4,0,1
BRDA:14,4,1,0
BRDA:14,5,0,1
BRDA:14,5,1,1
BRDA:15,6,0,1
BRDA:15,6,1,0
BRDA:15,7,0,1
BRDA:15,7,1,1
BRDA:16,8,0,1
BRDA:16,8,1,0
BRDA:16,9,0,1
BRDA:16,9,1,1
BRDA:17,10,0,1
BRDA:17,10,1,0
BRDA:17,11,0,1
BRDA:17,11,1,1
BRF:24
BRH:18
end_of_record
TN:
SF:src/infra/di/registry.ts
FN:7,(anonymous_0)
FN:9,(anonymous_1)
FN:17,(anonymous_2)
FN:23,(anonymous_3)
FN:31,(anonymous_4)
FNF:5
FNH:5
FNDA:1,(anonymous_0)
FNDA:5,(anonymous_1)
FNDA:1,(anonymous_2)
FNDA:2,(anonymous_3)
FNDA:2,(anonymous_4)
DA:1,1
DA:3,1
DA:5,1
DA:10,5
DA:11,1
DA:14,5
DA:18,1
DA:20,1
DA:24,2
DA:26,2
DA:28,1
DA:32,2
DA:33,1
DA:36,1
LF:14
LH:14
BRDA:10,0,0,1
BRDA:26,1,0,1
BRDA:32,2,0,1
BRF:3
BRH:3
end_of_record
